<?xml version="1.0" encoding="UTF-8"?>
<!-- Generated by org.testng.reporters.JUnitXMLReporter -->
<testsuite ignored="6" hostname="DESKTOP-D9O5KAR" failures="0" tests="4" name="Test" time="45.453" errors="0" timestamp="2023-08-05T18:34:30 IST">
  <testcase classname="com.obs.tests.CreateNewUserAccount_1" name="CreateNewUserAccount_1" time="3.117"/>
  <testcase classname="com.obs.tests.CreateAndEditNewUserAccount_2" name="CreateAndEditNewUserAccount_2" time="12.25"/>
  <testcase classname="com.obs.tests.VerifyTotalAccountBalance_3" name="VerifyTotalAccountBalance_3" time="12.502"/>
  <testcase classname="com.obs.tests.VerifyTotalAccounts_4" name="VerifyTotalAccounts_4" time="9.286"/>
  <testcase classname="com.obs.base.BasePage" name="@AfterSuite cleanup" time="0.0">
    <ignored/>
  </testcase> <!-- @AfterSuite cleanup -->
  <testcase classname="com.obs.base.BasePage" name="@AfterSuite cleanup" time="0.0">
    <ignored/>
  </testcase> <!-- @AfterSuite cleanup -->
  <testcase classname="com.obs.base.BasePage" name="@AfterSuite cleanup" time="0.0">
    <ignored/>
  </testcase> <!-- @AfterSuite cleanup -->
  <testcase classname="com.obs.base.BasePage" name="@BeforeSuite initialyeReport" time="0.0">
    <ignored/>
  </testcase> <!-- @BeforeSuite initialyeReport -->
  <testcase classname="com.obs.base.BasePage" name="@BeforeSuite initialyeReport" time="0.0">
    <ignored/>
  </testcase> <!-- @BeforeSuite initialyeReport -->
  <testcase classname="com.obs.base.BasePage" name="@BeforeSuite initialyeReport" time="0.0">
    <ignored/>
  </testcase> <!-- @BeforeSuite initialyeReport -->
</testsuite> <!-- Test -->
